<?xml version="1.0" encoding="UTF-8"?>
<testsuite xmlns:xsi="http://www.w3.org/2001/XMLSchema-instance" xsi:noNamespaceSchemaLocation="https://maven.apache.org/surefire/maven-surefire-plugin/xsd/surefire-test-report.xsd" version="3.0.2" name="com.repoTests.BookRepoTest" time="1.333" tests="3" errors="0" skipped="0" failures="0">
  <properties>
[...]
</properties>
  <testcase name="testAddAndFindBook" classname="com.repoTests.BookRepoTest" time="0.038">
    <system-out><![CDATA[2025-05-13T13:43:22.241+01:00  INFO 15040 --- [           main] t.c.s.AnnotationConfigContextLoaderUtils : Could not detect default configuration classes for test class [com.repoTests.BookRepoTest]: BookRepoTest does not declare any static, non-private, non-final, nested classes annotated with @Configuration.
2025-05-13T13:43:22.300+01:00  INFO 15040 --- [           main] .b.t.c.SpringBootTestContextBootstrapper : Found @SpringBootConfiguration com.Application for test class com.repoTests.BookRepoTest

  .   ____          _            __ _ _
 /\\ / ___'_ __ _ _(_)_ __  __ _ \ \ \ \
( ( )\___ | '_ | '_| | '_ \/ _` | \ \ \ \
 \\/  ___)| |_)| | | | | || (_| |  ) ) ) )
  '  |____| .__|_| |_|_| |_\__, | / / / /
 =========|_|==============|___/=/_/_/_/

 :: Spring Boot ::                (v3.4.5)

2025-05-13T13:43:22.364+01:00  INFO 15040 --- [           main] com.repoTests.BookRepoTest               : Starting BookRepoTest using Java 17.0.1 with PID 15040 (started by User in C:\Users\User\Documents\Docs\htdocs\workspace\Projects\LibrarySpringBoot_TSReactClient_Docker)
2025-05-13T13:43:22.364+01:00  INFO 15040 --- [           main] com.repoTests.BookRepoTest               : The following 1 profile is active: "local"
2025-05-13T13:43:22.780+01:00  INFO 15040 --- [           main] .s.d.r.c.RepositoryConfigurationDelegate : Multiple Spring Data modules found, entering strict repository configuration mode
2025-05-13T13:43:22.780+01:00  INFO 15040 --- [           main] .s.d.r.c.RepositoryConfigurationDelegate : Bootstrapping Spring Data JPA repositories in DEFAULT mode.
2025-05-13T13:43:22.919+01:00  INFO 15040 --- [           main] .s.d.r.c.RepositoryConfigurationDelegate : Finished Spring Data repository scanning in 136 ms. Found 8 JPA repository interfaces.
2025-05-13T13:43:22.950+01:00  INFO 15040 --- [           main] beddedDataSourceBeanFactoryPostProcessor : Replacing 'dataSource' DataSource bean with embedded version
2025-05-13T13:43:22.990+01:00  INFO 15040 --- [           main] o.s.j.d.e.EmbeddedDatabaseFactory        : Starting embedded database: url='jdbc:h2:mem:ce233b2b-fce5-4ab9-8bbc-b582214ac717;DB_CLOSE_DELAY=-1;DB_CLOSE_ON_EXIT=false', username='sa'
2025-05-13T13:43:23.040+01:00  INFO 15040 --- [           main] o.hibernate.jpa.internal.util.LogHelper  : HHH000204: Processing PersistenceUnitInfo [name: default]
2025-05-13T13:43:23.047+01:00  INFO 15040 --- [           main] o.h.c.internal.RegionFactoryInitiator    : HHH000026: Second-level cache disabled
2025-05-13T13:43:23.094+01:00  INFO 15040 --- [           main] o.s.o.j.p.SpringPersistenceUnitInfo      : No LoadTimeWeaver setup: ignoring JPA class transformer
2025-05-13T13:43:23.096+01:00  WARN 15040 --- [           main] org.hibernate.orm.deprecation            : HHH90000025: H2Dialect does not need to be specified explicitly using 'hibernate.dialect' (remove the property setting and it will be selected by default)
2025-05-13T13:43:23.098+01:00  INFO 15040 --- [           main] org.hibernate.orm.connections.pooling    : HHH10001005: Database info:
	Database JDBC URL [Connecting through datasource 'org.springframework.jdbc.datasource.embedded.EmbeddedDatabaseFactory$EmbeddedDataSourceProxy@4a47a1b5']
	Database driver: undefined/unknown
	Database version: 2.3.232
	Autocommit mode: undefined/unknown
	Isolation level: undefined/unknown
	Minimum pool size: undefined/unknown
	Maximum pool size: undefined/unknown
2025-05-13T13:43:23.265+01:00  INFO 15040 --- [           main] o.h.e.t.j.p.i.JtaPlatformInitiator       : HHH000489: No JTA platform available (set 'hibernate.transaction.jta.platform' to enable JTA platform integration)
Hibernate: 
    drop table if exists author cascade 
Hibernate: 
    drop table if exists book cascade 
Hibernate: 
    drop table if exists book_loan cascade 
Hibernate: 
    drop table if exists book_loan_item cascade 
Hibernate: 
    drop table if exists cart cascade 
Hibernate: 
    drop table if exists cartitem cascade 
Hibernate: 
    drop table if exists image cascade 
Hibernate: 
    drop table if exists users cascade 
Hibernate: 
    create table author (
        id bigint generated by default as identity,
        biography varchar(255),
        name varchar(255) unique,
        primary key (id)
    )
Hibernate: 
    create table book (
        price numeric(38,2) not null,
        stock integer not null,
        author_id bigint not null,
        id bigint generated by default as identity,
        description varchar(255),
        isbn varchar(255) not null unique,
        title varchar(255) not null,
        primary key (id)
    )
Hibernate: 
    create table book_loan (
        total_loan_value numeric(38,2),
        due_date timestamp(6),
        id bigint generated by default as identity,
        loan_date timestamp(6),
        return_date timestamp(6),
        user_id bigint,
        loan_status enum ('CANCELLED','LOAN','LOST','OVERDUE','RETURNED'),
        primary key (id)
    )
Hibernate: 
    create table book_loan_item (
        loan_item_value numeric(38,2),
        quantity integer not null,
        book_id bigint,
        bookloan_id bigint,
        id bigint generated by default as identity,
        primary key (id)
    )
Hibernate: 
    create table cart (
        id bigint not null,
        user_id bigint unique,
        primary key (id)
    )
Hibernate: 
    create table cartitem (
        quantity integer not null,
        book_id bigint,
        cart_id bigint,
        id bigint generated by default as identity,
        primary key (id)
    )
Hibernate: 
    create table image (
        book_id bigint,
        id bigint generated by default as identity,
        downloadurl varchar(255),
        filename varchar(255),
        filetype varchar(255),
        image blob,
        primary key (id)
    )
Hibernate: 
    create table users (
        created_on date,
        enabled boolean not null,
        updated_on date,
        id bigint generated by default as identity,
        email varchar(255) not null unique,
        firstname varchar(255),
        lastname varchar(255),
        password varchar(255) not null,
        username varchar(255) not null unique,
        role enum ('MEMBER','STAFF'),
        primary key (id)
    )
Hibernate: 
    alter table if exists book 
       add constraint FKklnrv3weler2ftkweewlky958 
       foreign key (author_id) 
       references author
Hibernate: 
    alter table if exists book_loan 
       add constraint FK7udisqc789s350w3g5rcl4qdc 
       foreign key (user_id) 
       references users
Hibernate: 
    alter table if exists book_loan_item 
       add constraint FK40y479iq68fhqvf6ffx3qegce 
       foreign key (book_id) 
       references book
Hibernate: 
    alter table if exists book_loan_item 
       add constraint FKbv2bdvmngthv1impneyy1tlp2 
       foreign key (bookloan_id) 
       references book_loan
Hibernate: 
    alter table if exists cart 
       add constraint FKg5uhi8vpsuy0lgloxk2h4w5o6 
       foreign key (user_id) 
       references users
Hibernate: 
    alter table if exists cartitem 
       add constraint FKbws5dqok8cle0jdwfnuetbf4t 
       foreign key (book_id) 
       references book
Hibernate: 
    alter table if exists cartitem 
       add constraint FKcj0jvvlv7mum72m5qblw5m1tc 
       foreign key (cart_id) 
       references cart
Hibernate: 
    alter table if exists image 
       add constraint FK56boxkje8rys2n78amvgkk913 
       foreign key (book_id) 
       references book
2025-05-13T13:43:23.300+01:00  INFO 15040 --- [           main] j.LocalContainerEntityManagerFactoryBean : Initialized JPA EntityManagerFactory for persistence unit 'default'
2025-05-13T13:43:23.452+01:00  INFO 15040 --- [           main] com.repoTests.BookRepoTest               : Started BookRepoTest in 1.144 seconds (process running for 21.079)
Hibernate: 
    insert 
    into
        author
        (biography, name, id) 
    values
        (?, ?, default)
Hibernate: 
    insert 
    into
        book
        (author_id, description, isbn, price, stock, title, id) 
    values
        (?, ?, ?, ?, ?, ?, default)
]]></system-out>
  </testcase>
  <testcase name="testFindByTitle" classname="com.repoTests.BookRepoTest" time="0.033">
    <system-out><![CDATA[Hibernate: 
    insert 
    into
        author
        (biography, name, id) 
    values
        (?, ?, default)
Hibernate: 
    insert 
    into
        book
        (author_id, description, isbn, price, stock, title, id) 
    values
        (?, ?, ?, ?, ?, ?, default)
Hibernate: 
    select
        b1_0.id,
        b1_0.author_id,
        b1_0.description,
        b1_0.isbn,
        b1_0.price,
        b1_0.stock,
        b1_0.title 
    from
        book b1_0 
    where
        b1_0.title=?
]]></system-out>
  </testcase>
  <testcase name="testDeleteBook" classname="com.repoTests.BookRepoTest" time="0.033">
    <system-out><![CDATA[Hibernate: 
    insert 
    into
        author
        (biography, name, id) 
    values
        (?, ?, default)
Hibernate: 
    insert 
    into
        book
        (author_id, description, isbn, price, stock, title, id) 
    values
        (?, ?, ?, ?, ?, ?, default)
]]></system-out>
  </testcase>
</testsuite>