<?xml version="1.0" encoding="UTF-8"?>
<testsuite xmlns:xsi="http://www.w3.org/2001/XMLSchema-instance" xsi:noNamespaceSchemaLocation="https://maven.apache.org/surefire/maven-surefire-plugin/xsd/surefire-test-report.xsd" version="3.0.2" name="com.integrationTests.BookIntegrationTest" time="11.062" tests="2" errors="0" skipped="0" failures="0">
  <properties>
[...]
</properties>
  <testcase name="testAddAndGetBook" classname="com.integrationTests.BookIntegrationTest" time="0.119">
    <system-out><![CDATA[2025-05-22T18:28:13.442+01:00  INFO 20100 --- [           main] t.c.s.AnnotationConfigContextLoaderUtils : Could not detect default configuration classes for test class [com.integrationTests.BookIntegrationTest]: BookIntegrationTest does not declare any static, non-private, non-final, nested classes annotated with @Configuration.
2025-05-22T18:28:13.500+01:00  INFO 20100 --- [           main] .b.t.c.SpringBootTestContextBootstrapper : Found @SpringBootConfiguration com.Application for test class com.integrationTests.BookIntegrationTest

  .   ____          _            __ _ _
 /\\ / ___'_ __ _ _(_)_ __  __ _ \ \ \ \
( ( )\___ | '_ | '_| | '_ \/ _` | \ \ \ \
 \\/  ___)| |_)| | | | | || (_| |  ) ) ) )
  '  |____| .__|_| |_|_| |_\__, | / / / /
 =========|_|==============|___/=/_/_/_/

 :: Spring Boot ::                (v3.4.5)

2025-05-22T18:28:13.568+01:00  INFO 20100 --- [           main] c.integrationTests.BookIntegrationTest   : Starting BookIntegrationTest using Java 17.0.1 with PID 20100 (started by User in C:\Users\User\Documents\Docs\htdocs\workspace\Projects\LibrarySpringBoot_TSReactClient_Docker_Security)
2025-05-22T18:28:13.568+01:00  INFO 20100 --- [           main] c.integrationTests.BookIntegrationTest   : The following 1 profile is active: "local"
2025-05-22T18:28:14.561+01:00  INFO 20100 --- [           main] .s.d.r.c.RepositoryConfigurationDelegate : Multiple Spring Data modules found, entering strict repository configuration mode
2025-05-22T18:28:14.564+01:00  INFO 20100 --- [           main] .s.d.r.c.RepositoryConfigurationDelegate : Bootstrapping Spring Data JDBC repositories in DEFAULT mode.
2025-05-22T18:28:14.718+01:00  INFO 20100 --- [           main] .RepositoryConfigurationExtensionSupport : Spring Data JDBC - Could not safely identify store assignment for repository candidate interface com.repository.AuthorRepo; If you want this repository to be a JDBC repository, consider annotating your entities with one of these annotations: org.springframework.data.relational.core.mapping.Table.
2025-05-22T18:28:14.719+01:00  INFO 20100 --- [           main] .RepositoryConfigurationExtensionSupport : Spring Data JDBC - Could not safely identify store assignment for repository candidate interface com.repository.BookLoanItemRepo; If you want this repository to be a JDBC repository, consider annotating your entities with one of these annotations: org.springframework.data.relational.core.mapping.Table.
2025-05-22T18:28:14.722+01:00  INFO 20100 --- [           main] .RepositoryConfigurationExtensionSupport : Spring Data JDBC - Could not safely identify store assignment for repository candidate interface com.repository.BookLoanRepo; If you want this repository to be a JDBC repository, consider annotating your entities with one of these annotations: org.springframework.data.relational.core.mapping.Table.
2025-05-22T18:28:14.723+01:00  INFO 20100 --- [           main] .RepositoryConfigurationExtensionSupport : Spring Data JDBC - Could not safely identify store assignment for repository candidate interface com.repository.BookRepo; If you want this repository to be a JDBC repository, consider annotating your entities with one of these annotations: org.springframework.data.relational.core.mapping.Table.
2025-05-22T18:28:14.724+01:00  INFO 20100 --- [           main] .RepositoryConfigurationExtensionSupport : Spring Data JDBC - Could not safely identify store assignment for repository candidate interface com.repository.CartItemRepo; If you want this repository to be a JDBC repository, consider annotating your entities with one of these annotations: org.springframework.data.relational.core.mapping.Table.
2025-05-22T18:28:14.725+01:00  INFO 20100 --- [           main] .RepositoryConfigurationExtensionSupport : Spring Data JDBC - Could not safely identify store assignment for repository candidate interface com.repository.CartRepo; If you want this repository to be a JDBC repository, consider annotating your entities with one of these annotations: org.springframework.data.relational.core.mapping.Table.
2025-05-22T18:28:14.727+01:00  INFO 20100 --- [           main] .RepositoryConfigurationExtensionSupport : Spring Data JDBC - Could not safely identify store assignment for repository candidate interface com.repository.ImageRepo; If you want this repository to be a JDBC repository, consider annotating your entities with one of these annotations: org.springframework.data.relational.core.mapping.Table.
2025-05-22T18:28:14.729+01:00  INFO 20100 --- [           main] .RepositoryConfigurationExtensionSupport : Spring Data JDBC - Could not safely identify store assignment for repository candidate interface com.repository.UserRepo; If you want this repository to be a JDBC repository, consider annotating your entities with one of these annotations: org.springframework.data.relational.core.mapping.Table.
2025-05-22T18:28:14.731+01:00  INFO 20100 --- [           main] .s.d.r.c.RepositoryConfigurationDelegate : Finished Spring Data repository scanning in 153 ms. Found 0 JDBC repository interfaces.
2025-05-22T18:28:14.748+01:00  INFO 20100 --- [           main] .s.d.r.c.RepositoryConfigurationDelegate : Multiple Spring Data modules found, entering strict repository configuration mode
2025-05-22T18:28:14.750+01:00  INFO 20100 --- [           main] .s.d.r.c.RepositoryConfigurationDelegate : Bootstrapping Spring Data JPA repositories in DEFAULT mode.
2025-05-22T18:28:14.891+01:00  INFO 20100 --- [           main] .s.d.r.c.RepositoryConfigurationDelegate : Finished Spring Data repository scanning in 127 ms. Found 8 JPA repository interfaces.
2025-05-22T18:28:15.689+01:00  INFO 20100 --- [           main] o.hibernate.jpa.internal.util.LogHelper  : HHH000204: Processing PersistenceUnitInfo [name: default]
2025-05-22T18:28:15.877+01:00  INFO 20100 --- [           main] org.hibernate.Version                    : HHH000412: Hibernate ORM core version 6.6.13.Final
2025-05-22T18:28:15.957+01:00  INFO 20100 --- [           main] o.h.c.internal.RegionFactoryInitiator    : HHH000026: Second-level cache disabled
2025-05-22T18:28:16.272+01:00  INFO 20100 --- [           main] o.s.o.j.p.SpringPersistenceUnitInfo      : No LoadTimeWeaver setup: ignoring JPA class transformer
2025-05-22T18:28:16.402+01:00  INFO 20100 --- [           main] com.zaxxer.hikari.HikariDataSource       : HikariPool-1 - Starting...
2025-05-22T18:28:16.788+01:00  INFO 20100 --- [           main] com.zaxxer.hikari.pool.HikariPool        : HikariPool-1 - Added connection conn0: url=jdbc:h2:mem:testdb user=USER
2025-05-22T18:28:16.791+01:00  INFO 20100 --- [           main] com.zaxxer.hikari.HikariDataSource       : HikariPool-1 - Start completed.
2025-05-22T18:28:16.838+01:00  WARN 20100 --- [           main] org.hibernate.orm.deprecation            : HHH90000025: H2Dialect does not need to be specified explicitly using 'hibernate.dialect' (remove the property setting and it will be selected by default)
2025-05-22T18:28:16.892+01:00  INFO 20100 --- [           main] org.hibernate.orm.connections.pooling    : HHH10001005: Database info:
	Database JDBC URL [Connecting through datasource 'HikariDataSource (HikariPool-1)']
	Database driver: undefined/unknown
	Database version: 2.3.232
	Autocommit mode: undefined/unknown
	Isolation level: undefined/unknown
	Minimum pool size: undefined/unknown
	Maximum pool size: undefined/unknown
2025-05-22T18:28:18.647+01:00  INFO 20100 --- [           main] o.h.e.t.j.p.i.JtaPlatformInitiator       : HHH000489: No JTA platform available (set 'hibernate.transaction.jta.platform' to enable JTA platform integration)
Hibernate: 
    drop table if exists author cascade 
Hibernate: 
    drop table if exists book cascade 
Hibernate: 
    drop table if exists book_loan cascade 
Hibernate: 
    drop table if exists book_loan_item cascade 
Hibernate: 
    drop table if exists cart cascade 
Hibernate: 
    drop table if exists cartitem cascade 
Hibernate: 
    drop table if exists image cascade 
Hibernate: 
    drop table if exists users cascade 
Hibernate: 
    create table author (
        id bigint generated by default as identity,
        biography varchar(255),
        name varchar(255) unique,
        primary key (id)
    )
Hibernate: 
    create table book (
        price numeric(38,2) not null,
        stock integer not null,
        author_id bigint not null,
        id bigint generated by default as identity,
        description varchar(255),
        isbn varchar(255) not null unique,
        title varchar(255) not null,
        primary key (id)
    )
Hibernate: 
    create table book_loan (
        total_loan_value numeric(38,2),
        due_date timestamp(6),
        id bigint generated by default as identity,
        loan_date timestamp(6),
        return_date timestamp(6),
        user_id bigint,
        loan_status enum ('CANCELLED','LOAN','LOST','OVERDUE','RETURNED'),
        primary key (id)
    )
Hibernate: 
    create table book_loan_item (
        loan_item_value numeric(38,2),
        quantity integer not null,
        book_id bigint,
        bookloan_id bigint,
        id bigint generated by default as identity,
        primary key (id)
    )
Hibernate: 
    create table cart (
        id bigint not null,
        user_id bigint unique,
        primary key (id)
    )
Hibernate: 
    create table cartitem (
        quantity integer not null,
        book_id bigint,
        cart_id bigint,
        id bigint generated by default as identity,
        primary key (id)
    )
Hibernate: 
    create table image (
        book_id bigint,
        id bigint generated by default as identity,
        downloadurl varchar(255),
        filename varchar(255),
        filetype varchar(255),
        image blob,
        primary key (id)
    )
Hibernate: 
    create table users (
        active boolean not null,
        created_on date,
        updated_on date,
        id bigint generated by default as identity,
        email varchar(255) not null unique,
        firstname varchar(255),
        lastname varchar(255),
        password varchar(255) not null,
        username varchar(255) not null unique,
        role enum ('MEMBER','STAFF'),
        primary key (id)
    )
Hibernate: 
    alter table if exists book 
       add constraint FKklnrv3weler2ftkweewlky958 
       foreign key (author_id) 
       references author
Hibernate: 
    alter table if exists book_loan 
       add constraint FK7udisqc789s350w3g5rcl4qdc 
       foreign key (user_id) 
       references users
Hibernate: 
    alter table if exists book_loan_item 
       add constraint FK40y479iq68fhqvf6ffx3qegce 
       foreign key (book_id) 
       references book
Hibernate: 
    alter table if exists book_loan_item 
       add constraint FKbv2bdvmngthv1impneyy1tlp2 
       foreign key (bookloan_id) 
       references book_loan
Hibernate: 
    alter table if exists cart 
       add constraint FKg5uhi8vpsuy0lgloxk2h4w5o6 
       foreign key (user_id) 
       references users
Hibernate: 
    alter table if exists cartitem 
       add constraint FKbws5dqok8cle0jdwfnuetbf4t 
       foreign key (book_id) 
       references book
Hibernate: 
    alter table if exists cartitem 
       add constraint FKcj0jvvlv7mum72m5qblw5m1tc 
       foreign key (cart_id) 
       references cart
Hibernate: 
    alter table if exists image 
       add constraint FK56boxkje8rys2n78amvgkk913 
       foreign key (book_id) 
       references book
2025-05-22T18:28:18.797+01:00  INFO 20100 --- [           main] j.LocalContainerEntityManagerFactoryBean : Initialized JPA EntityManagerFactory for persistence unit 'default'
2025-05-22T18:28:19.684+01:00  INFO 20100 --- [           main] eAuthenticationProviderManagerConfigurer : Global AuthenticationManager configured with AuthenticationProvider bean with name authenticationProvider
2025-05-22T18:28:19.684+01:00  WARN 20100 --- [           main] r$InitializeUserDetailsManagerConfigurer : Global AuthenticationManager configured with an AuthenticationProvider bean. UserDetailsService beans will not be used by Spring Security for automatically configuring username/password login. Consider removing the AuthenticationProvider bean. Alternatively, consider using the UserDetailsService in a manually instantiated DaoAuthenticationProvider. If the current configuration is intentional, to turn off this warning, increase the logging level of 'org.springframework.security.config.annotation.authentication.configuration.InitializeUserDetailsBeanManagerConfigurer' to ERROR
2025-05-22T18:28:19.965+01:00  INFO 20100 --- [           main] o.s.d.j.r.query.QueryEnhancerFactory     : Hibernate is in classpath; If applicable, HQL parser will be used.
2025-05-22T18:28:21.339+01:00  WARN 20100 --- [           main] JpaBaseConfiguration$JpaWebConfiguration : spring.jpa.open-in-view is enabled by default. Therefore, database queries may be performed during view rendering. Explicitly configure spring.jpa.open-in-view to disable this warning
2025-05-22T18:28:22.287+01:00  INFO 20100 --- [           main] o.s.b.a.h2.H2ConsoleAutoConfiguration    : H2 console available at '/h2-console'. Database available at 'jdbc:h2:mem:testdb'
2025-05-22T18:28:22.375+01:00  INFO 20100 --- [           main] o.s.b.t.m.w.SpringBootMockServletContext : Initializing Spring TestDispatcherServlet ''
2025-05-22T18:28:22.376+01:00  INFO 20100 --- [           main] o.s.t.web.servlet.TestDispatcherServlet  : Initializing Servlet ''
2025-05-22T18:28:22.379+01:00  INFO 20100 --- [           main] o.s.t.web.servlet.TestDispatcherServlet  : Completed initialization in 3 ms
2025-05-22T18:28:22.406+01:00  INFO 20100 --- [           main] c.integrationTests.BookIntegrationTest   : Started BookIntegrationTest in 8.894 seconds (process running for 26.164)
Hibernate: 
    select
        u1_0.id 
    from
        users u1_0 
    where
        u1_0.email=? 
    fetch
        first ? rows only
Hibernate: 
    select
        u1_0.id 
    from
        users u1_0 
    where
        u1_0.email=? 
    fetch
        first ? rows only
Hibernate: 
    select
        u1_0.id 
    from
        users u1_0 
    where
        u1_0.username=? 
    fetch
        first ? rows only
Hibernate: 
    insert 
    into
        users
        (role, active, created_on, email, firstname, lastname, password, updated_on, username, id) 
    values
        (?, ?, ?, ?, ?, ?, ?, ?, ?, default)
Default admin user created: admin1@library.com
Hibernate: 
    select
        u1_0.id 
    from
        users u1_0 
    where
        u1_0.email=? 
    fetch
        first ? rows only
Hibernate: 
    select
        u1_0.id 
    from
        users u1_0 
    where
        u1_0.email=? 
    fetch
        first ? rows only
Hibernate: 
    select
        u1_0.id 
    from
        users u1_0 
    where
        u1_0.username=? 
    fetch
        first ? rows only
Hibernate: 
    insert 
    into
        users
        (role, active, created_on, email, firstname, lastname, password, updated_on, username, id) 
    values
        (?, ?, ?, ?, ?, ?, ?, ?, ?, default)
Default admin user created: admin2@library.com
Hibernate: 
    select
        u1_0.id 
    from
        users u1_0 
    where
        u1_0.email=? 
    fetch
        first ? rows only
Hibernate: 
    select
        u1_0.id 
    from
        users u1_0 
    where
        u1_0.email=? 
    fetch
        first ? rows only
Hibernate: 
    select
        u1_0.id 
    from
        users u1_0 
    where
        u1_0.username=? 
    fetch
        first ? rows only
Hibernate: 
    insert 
    into
        users
        (role, active, created_on, email, firstname, lastname, password, updated_on, username, id) 
    values
        (?, ?, ?, ?, ?, ?, ?, ?, ?, default)
Default admin user created: admin3@library.com
Hibernate: 
    insert 
    into
        author
        (biography, name, id) 
    values
        (?, ?, default)
Hibernate: 
    select
        a1_0.id,
        a1_0.biography,
        a1_0.name 
    from
        author a1_0 
    where
        a1_0.name=?
Hibernate: 
    select
        b1_0.id 
    from
        book b1_0 
    left join
        author a1_0 
            on a1_0.id=b1_0.author_id 
    where
        b1_0.title=? 
        and a1_0.name=? 
    fetch
        first ? rows only
Hibernate: 
    select
        a1_0.id,
        a1_0.biography,
        a1_0.name 
    from
        author a1_0 
    where
        a1_0.name=?
Hibernate: 
    insert 
    into
        book
        (author_id, description, isbn, price, stock, title, id) 
    values
        (?, ?, ?, ?, ?, ?, default)

MockHttpServletRequest:
      HTTP Method = GET
      Request URI = /book/1
       Parameters = {}
          Headers = []
             Body = null
    Session Attrs = {}

Handler:
             Type = com.controller.BookController
           Method = com.controller.BookController#getBookById(Long)

Async:
    Async started = false
     Async result = null

Resolved Exception:
             Type = null

ModelAndView:
        View name = null
             View = null
            Model = null

FlashMap:
       Attributes = null

MockHttpServletResponse:
           Status = 200
    Error message = null
          Headers = [Vary:"Origin", "Access-Control-Request-Method", "Access-Control-Request-Headers", Content-Type:"application/json", X-Content-Type-Options:"nosniff", X-XSS-Protection:"0", Cache-Control:"no-cache, no-store, max-age=0, must-revalidate", Pragma:"no-cache", Expires:"0"]
     Content type = application/json
             Body = {"message":"Success","data":{"id":1,"title":"Title","isbn":"isbn","description":"Desc","stock":5,"price":10,"author":{"id":1,"name":"AuthorName","biography":"Bio"},"images":[]}}
    Forwarded URL = null
   Redirected URL = null
          Cookies = []
]]></system-out>
  </testcase>
  <testcase name="testAddEmptyBookValidationFail" classname="com.integrationTests.BookIntegrationTest" time="0.031">
    <system-out><![CDATA[2025-05-22T18:28:24.492+01:00  WARN 20100 --- [           main] .w.s.m.s.DefaultHandlerExceptionResolver : Resolved [org.springframework.http.converter.HttpMessageNotReadableException: JSON parse error: Cannot deserialize value of type `java.util.ArrayList<com.model.Book>` from Object value (token `JsonToken.START_OBJECT`)]
]]></system-out>
  </testcase>
</testsuite>